#
# There is insufficient memory for the Java Runtime Environment to continue.
# Native memory allocation (malloc) failed to allocate 812176 bytes for Chunk::new
# Possible reasons:
#   The system is out of physical RAM or swap space
#   In 32 bit mode, the process size limit was hit
# Possible solutions:
#   Reduce memory load on the system
#   Increase physical memory or swap space
#   Check if swap backing store is full
#   Use 64 bit Java on a 64 bit OS
#   Decrease Java heap size (-Xmx/-Xms)
#   Decrease number of Java threads
#   Decrease Java thread stack sizes (-Xss)
#   Set larger code cache with -XX:ReservedCodeCacheSize=
# This output file may be truncated or incomplete.
#
#  Out of Memory Error (allocation.cpp:390), pid=8884, tid=3688
#
# JRE version: Java(TM) SE Runtime Environment (8.0_65-b17) (build 1.8.0_65-b17)
# Java VM: Java HotSpot(TM) 64-Bit Server VM (25.65-b01 mixed mode windows-amd64 compressed oops)
# Failed to write core dump. Minidumps are not enabled by default on client versions of Windows
#

---------------  T H R E A D  ---------------

Current thread (0x0000000014ab1000):  JavaThread "C2 CompilerThread1" daemon [_thread_in_native, id=3688, stack(0x00000000161f0000,0x00000000162f0000)]

Stack: [0x00000000161f0000,0x00000000162f0000]
[error occurred during error reporting (printing stack bounds), id 0xc0000005]

Native frames: (J=compiled Java code, j=interpreted, Vv=VM code, C=native code)


Current CompileTask:
C2:   1760 1254       4       com.android.dx.dex.code.OutputFinisher::addConstants (93 bytes)


---------------  P R O C E S S  ---------------

Java Threads: ( => current thread )
  0x00000000163f2800 JavaThread "Service Thread" daemon [_thread_blocked, id=268, stack(0x00000000167f0000,0x00000000168f0000)]
  0x0000000014b0c800 JavaThread "C1 CompilerThread2" daemon [_thread_blocked, id=3056, stack(0x00000000162f0000,0x00000000163f0000)]
=>0x0000000014ab1000 JavaThread "C2 CompilerThread1" daemon [_thread_in_native, id=3688, stack(0x00000000161f0000,0x00000000162f0000)]
  0x0000000014aa9000 JavaThread "C2 CompilerThread0" daemon [_thread_blocked, id=3284, stack(0x00000000160f0000,0x00000000161f0000)]
  0x0000000014aa8000 JavaThread "Attach Listener" daemon [_thread_blocked, id=2316, stack(0x0000000015ff0000,0x00000000160f0000)]
  0x0000000014aa6800 JavaThread "Signal Dispatcher" daemon [_thread_blocked, id=9692, stack(0x0000000015ef0000,0x0000000015ff0000)]
  0x00000000023d6000 JavaThread "Finalizer" daemon [_thread_blocked, id=4680, stack(0x0000000015d10000,0x0000000015e10000)]
  0x00000000023cd000 JavaThread "Reference Handler" daemon [_thread_blocked, id=3208, stack(0x0000000015c10000,0x0000000015d10000)]
  0x000000000215d800 JavaThread "main" [_thread_in_vm, id=9244, stack(0x00000000021e0000,0x00000000022e0000)]

Other Threads:
  0x0000000014a78000 VMThread [stack: 0x0000000015b10000,0x0000000015c10000] [id=4316]
  0x00000000163f5800 WatcherThread [stack: 0x00000000168f0000,0x00000000169f0000] [id=3192]

VM state:not at safepoint (normal execution)

VM Mutex/Monitor currently owned by a thread: None

Heap:
 PSYoungGen      total 18944K, used 15621K [0x00000000eab00000, 0x00000000ec000000, 0x0000000100000000)
  eden space 16384K, 79% used [0x00000000eab00000,0x00000000eb7c3788,0x00000000ebb00000)
  from space 2560K, 99% used [0x00000000ebb00000,0x00000000ebd7dd28,0x00000000ebd80000)
  to   space 2560K, 0% used [0x00000000ebd80000,0x00000000ebd80000,0x00000000ec000000)
 ParOldGen       total 44032K, used 1752K [0x00000000c0000000, 0x00000000c2b00000, 0x00000000eab00000)
  object space 44032K, 3% used [0x00000000c0000000,0x00000000c01b62e8,0x00000000c2b00000)
 Metaspace       used 6174K, capacity 7216K, committed 7296K, reserved 1056768K
  class space    used 604K, capacity 616K, committed 640K, reserved 1048576K

Card table byte_map: [0x00000000117a0000,0x00000000119b0000] byte_map_base: 0x00000000111a0000

Marking Bits: (ParMarkBitMap*) 0x0000000077dca5b0
 Begin Bits: [0x0000000011f10000, 0x0000000012f10000)
 End Bits:   [0x0000000012f10000, 0x0000000013f10000)

Polling page: 0x0000000002070000

CodeCache: size=245760Kb used=5672Kb max_used=5684Kb free=240087Kb
 bounds [0x00000000023e0000, 0x0000000002980000, 0x00000000113e0000]
 total_blobs=1728 nmethods=1465 adapters=176
 compilation: enabled

Compilation events (10 events):
Event: 1.662 Thread 0x0000000014b0c800 nmethod 1421 0x0000000002937890 code [0x00000000029379e0, 0x0000000002937af0]
Event: 1.662 Thread 0x0000000014b0c800 1422       3       com.android.dx.dex.file.MethodIdItem::itemType (4 bytes)
Event: 1.662 Thread 0x0000000014b0c800 nmethod 1422 0x000000000293f110 code [0x000000000293f260, 0x000000000293f3b0]
Event: 1.662 Thread 0x0000000014b0c800 1423       3       com.android.dx.dex.file.AnnotationSetItem::itemType (4 bytes)
Event: 1.663 Thread 0x0000000014b0c800 nmethod 1423 0x000000000293edd0 code [0x000000000293ef20, 0x000000000293f070]
Event: 1.663 Thread 0x0000000014b0c800 1424       3       com.android.dx.dex.file.AnnotationsDirectoryItem::itemType (4 bytes)
Event: 1.663 Thread 0x0000000014b0c800 nmethod 1424 0x000000000293ea90 code [0x000000000293ebe0, 0x000000000293ed30]
Event: 1.663 Thread 0x0000000014b0c800 1425       1       com.android.dx.dex.file.StringDataItem::itemType (4 bytes)
Event: 1.663 Thread 0x0000000014b0c800 nmethod 1425 0x000000000293e7d0 code [0x000000000293e920, 0x000000000293ea30]
Event: 1.663 Thread 0x0000000014b0c800 1426       3       com.android.dx.dex.file.DebugInfoItem::itemType (4 bytes)

GC Heap History (2 events):
Event: 1.021 GC heap before
{Heap before GC invocations=1 (full 0):
 PSYoungGen      total 18944K, used 16384K [0x00000000eab00000, 0x00000000ec000000, 0x0000000100000000)
  eden space 16384K, 100% used [0x00000000eab00000,0x00000000ebb00000,0x00000000ebb00000)
  from space 2560K, 0% used [0x00000000ebd80000,0x00000000ebd80000,0x00000000ec000000)
  to   space 2560K, 0% used [0x00000000ebb00000,0x00000000ebb00000,0x00000000ebd80000)
 ParOldGen       total 44032K, used 0K [0x00000000c0000000, 0x00000000c2b00000, 0x00000000eab00000)
  object space 44032K, 0% used [0x00000000c0000000,0x00000000c0000000,0x00000000c2b00000)
 Metaspace       used 5588K, capacity 6768K, committed 7040K, reserved 1056768K
  class space    used 576K, capacity 616K, committed 640K, reserved 1048576K
Event: 1.059 GC heap after
Heap after GC invocations=1 (full 0):
 PSYoungGen      total 18944K, used 2551K [0x00000000eab00000, 0x00000000ec000000, 0x0000000100000000)
  eden space 16384K, 0% used [0x00000000eab00000,0x00000000eab00000,0x00000000ebb00000)
  from space 2560K, 99% used [0x00000000ebb00000,0x00000000ebd7dd28,0x00000000ebd80000)
  to   space 2560K, 0% used [0x00000000ebd80000,0x00000000ebd80000,0x00000000ec000000)
 ParOldGen       total 44032K, used 1752K [0x00000000c0000000, 0x00000000c2b00000, 0x00000000eab00000)
  object space 44032K, 3% used [0x00000000c0000000,0x00000000c01b62e8,0x00000000c2b00000)
 Metaspace       used 5588K, capacity 6768K, committed 7040K, reserved 1056768K
  class space    used 576K, capacity 616K, committed 640K, reserved 1048576K
}

Deoptimization events (10 events):
Event: 1.399 Thread 0x000000000215d800 Uncommon trap: reason=bimorphic action=maybe_recompile pc=0x000000000265f1a8 method=java.util.HashMap.getNode(ILjava/lang/Object;)Ljava/util/HashMap$Node; @ 126
Event: 1.399 Thread 0x000000000215d800 Uncommon trap: reason=bimorphic action=maybe_recompile pc=0x000000000265f1a8 method=java.util.HashMap.getNode(ILjava/lang/Object;)Ljava/util/HashMap$Node; @ 126
Event: 1.399 Thread 0x000000000215d800 Uncommon trap: reason=bimorphic action=maybe_recompile pc=0x000000000265f1a8 method=java.util.HashMap.getNode(ILjava/lang/Object;)Ljava/util/HashMap$Node; @ 126
Event: 1.400 Thread 0x000000000215d800 Uncommon trap: reason=bimorphic action=maybe_recompile pc=0x00000000026f4ed4 method=java.util.HashMap.getNode(ILjava/lang/Object;)Ljava/util/HashMap$Node; @ 126
Event: 1.527 Thread 0x000000000215d800 Uncommon trap: reason=speculate_class_check action=maybe_recompile pc=0x00000000027d3e78 method=com.android.dx.util.FixedSizeList.equals(Ljava/lang/Object;)Z @ 25
Event: 1.527 Thread 0x000000000215d800 Uncommon trap: reason=unstable_if action=reinterpret pc=0x00000000027a39c8 method=java.util.Arrays.equals([Ljava/lang/Object;[Ljava/lang/Object;)Z @ 23
Event: 1.528 Thread 0x000000000215d800 Uncommon trap: reason=speculate_class_check action=maybe_recompile pc=0x00000000027d3e78 method=com.android.dx.util.FixedSizeList.equals(Ljava/lang/Object;)Z @ 25
Event: 1.528 Thread 0x000000000215d800 Uncommon trap: reason=speculate_class_check action=maybe_recompile pc=0x00000000027d3e78 method=com.android.dx.util.FixedSizeList.equals(Ljava/lang/Object;)Z @ 25
Event: 1.528 Thread 0x000000000215d800 Uncommon trap: reason=speculate_class_check action=maybe_recompile pc=0x00000000027d3e78 method=com.android.dx.util.FixedSizeList.equals(Ljava/lang/Object;)Z @ 25
Event: 1.528 Thread 0x000000000215d800 Uncommon trap: reason=unstable_if action=reinterpret pc=0x00000000026aa864 method=java.util.TreeMap.put(Ljava/lang/Object;Ljava/lang/Object;)Ljava/lang/Object; @ 163

Internal exceptions (2 events):
Event: 0.245 Thread 0x000000000215d800 Exception <a 'java/lang/NoSuchMethodError': Method sun.misc.Unsafe.defineClass(Ljava/lang/String;[BII)Ljava/lang/Class; name or signature does not match> (0x00000000eab0cf48) thrown at [C:\workspace\8-2-build-windows-amd64-cygwin\jdk8u65\4987\hotspot\src\sIü+`Ð_Ï?
Event: 0.245 Thread 0x000000000215d800 Exception <a 'java/lang/NoSuchMethodError': Method sun.misc.Unsafe.prefetchRead(Ljava/lang/Object;J)V name or signature does not match> (0x00000000eab0d230) thrown at [C:\workspace\8-2-build-windows-amd64-cygwin\jdk8u65\4987\hotspot\src\share\vm\prims\jni.

Events (10 events):
Event: 1.606 loading class com/android/dx/dex/file/DebugInfoEncoder$1
Event: 1.606 loading class com/android/dx/dex/file/DebugInfoEncoder$1 done
Event: 1.607 loading class com/android/dx/dex/file/DebugInfoEncoder$2
Event: 1.607 loading class com/android/dx/dex/file/DebugInfoEncoder$2 done
Event: 1.649 loading class com/android/dex/EncodedValueCodec
Event: 1.649 loading class com/android/dex/EncodedValueCodec done
Event: 1.659 loading class com/android/dx/dex/file/MapItem
Event: 1.659 loading class com/android/dx/dex/file/MapItem done
Event: 1.660 loading class com/android/dx/dex/file/UniformListItem
Event: 1.660 loading class com/android/dx/dex/file/UniformListItem done


Dynamic libraries:
0x00007ff667f70000 - 0x00007ff667fa7000 	C:\Program Files\Java\jdk1.8.0_51\bin\java.exe
0x00007ffb54df0000 - 0x00007ffb54fb1000 	C:\WINDOWS\SYSTEM32\ntdll.dll
0x00007ffb54360000 - 0x00007ffb5440d000 	C:\WINDOWS\system32\KERNEL32.DLL
0x00007ffb51f40000 - 0x00007ffb52128000 	C:\WINDOWS\system32\KERNELBASE.dll
0x00007ffb54970000 - 0x00007ffb54a17000 	C:\WINDOWS\system32\ADVAPI32.dll
0x00007ffb54c00000 - 0x00007ffb54c9d000 	C:\WINDOWS\system32\msvcrt.dll
0x00007ffb54300000 - 0x00007ffb5435b000 	C:\WINDOWS\system32\sechost.dll
0x00007ffb52680000 - 0x00007ffb5279c000 	C:\WINDOWS\system32\RPCRT4.dll
0x00007ffb53e60000 - 0x00007ffb53fb6000 	C:\WINDOWS\system32\USER32.dll
0x00007ffb53fc0000 - 0x00007ffb54146000 	C:\WINDOWS\system32\GDI32.dll
0x00007ffb424b0000 - 0x00007ffb42724000 	C:\WINDOWS\WinSxS\amd64_microsoft.windows.common-controls_6595b64144ccf1df_6.0.10586.0_none_8c15ae12515e1c22\COMCTL32.dll
0x00007ffb54530000 - 0x00007ffb547ad000 	C:\WINDOWS\system32\combase.dll
0x00007ffb51590000 - 0x00007ffb515fa000 	C:\WINDOWS\system32\bcryptPrimitives.dll
0x00007ffb54a40000 - 0x00007ffb54a7b000 	C:\WINDOWS\system32\IMM32.DLL
0x0000000077160000 - 0x0000000077232000 	C:\Program Files\Java\jdk1.8.0_51\jre\bin\msvcr100.dll
0x00000000775c0000 - 0x0000000077e49000 	C:\Program Files\Java\jdk1.8.0_51\jre\bin\server\jvm.dll
0x00007ffb54ae0000 - 0x00007ffb54ae8000 	C:\WINDOWS\system32\PSAPI.DLL
0x00007ffb47490000 - 0x00007ffb47499000 	C:\WINDOWS\SYSTEM32\WSOCK32.dll
0x00007ffb4f750000 - 0x00007ffb4f773000 	C:\WINDOWS\SYSTEM32\WINMM.dll
0x00007ffb4cb00000 - 0x00007ffb4cb0a000 	C:\WINDOWS\SYSTEM32\VERSION.dll
0x00007ffb544c0000 - 0x00007ffb5452b000 	C:\WINDOWS\system32\WS2_32.dll
0x0000000002020000 - 0x000000000204c000 	C:\WINDOWS\SYSTEM32\WINMMBASE.dll
0x00007ffb51600000 - 0x00007ffb51643000 	C:\WINDOWS\system32\cfgmgr32.dll
0x0000000050010000 - 0x000000005001f000 	C:\Program Files\Java\jdk1.8.0_51\jre\bin\verify.dll
0x0000000077590000 - 0x00000000775b9000 	C:\Program Files\Java\jdk1.8.0_51\jre\bin\java.dll
0x0000000077570000 - 0x0000000077586000 	C:\Program Files\Java\jdk1.8.0_51\jre\bin\zip.dll
0x00007ffb527a0000 - 0x00007ffb53cfc000 	C:\WINDOWS\system32\SHELL32.dll
0x00007ffb518d0000 - 0x00007ffb51f15000 	C:\WINDOWS\system32\windows.storage.dll
0x00007ffb521f0000 - 0x00007ffb52242000 	C:\WINDOWS\system32\shlwapi.dll
0x00007ffb51410000 - 0x00007ffb5141f000 	C:\WINDOWS\system32\kernel.appcore.dll
0x00007ffb52130000 - 0x00007ffb521e5000 	C:\WINDOWS\system32\shcore.dll
0x00007ffb51430000 - 0x00007ffb5147b000 	C:\WINDOWS\system32\powrprof.dll
0x00007ffb51480000 - 0x00007ffb51494000 	C:\WINDOWS\system32\profapi.dll

VM Arguments:
jvm_args: -Djava.awt.headless=true -Xmx1024M -Dfile.encoding=windows-1252 -Duser.country=GB -Duser.language=en -Duser.variant 
java_command: com.android.dx.command.Main --dex --num-threads=4 --output F:\android\projects\CrimeIntents\app\build\intermediates\pre-dexed\debug\debug_99119a9f2d97249633ad6d152304ac235b62d9ec.jar F:\android\projects\CrimeIntents\app\build\intermediates\classes\debug
java_class_path (initial): F:\android\android-sdk\build-tools\23.0.2\lib\dx.jar
Launcher Type: SUN_STANDARD

Environment Variables:
JAVA_HOME=C:\Program Files\Java\jdk1.8.0_51
PATH=C:\ProgramData\Oracle\Java\javapath;C:\WINDOWS\system32;C:\WINDOWS;C:\WINDOWS\System32\Wbem;C:\WINDOWS\System32\WindowsPowerShell\v1.0\;C:\Program Files (x86)\Intel\OpenCL SDK\2.0\bin\x86;C:\Program Files (x86)\Intel\OpenCL SDK\2.0\bin\x64;C:\Program Files (x86)\ATI Technologies\ATI.ACE\Core-Static
USERNAME=Mohamed Mabrouk
OS=Windows_NT
PROCESSOR_IDENTIFIER=Intel64 Family 6 Model 42 Stepping 7, GenuineIntel



---------------  S Y S T E M  ---------------

OS: Windows 10.0 , 64 bit Build 10586 (10.0.10586.0)

CPU:total 4 (2 cores per cpu, 2 threads per core) family 6 model 42 stepping 7, cmov, cx8, fxsr, mmx, sse, sse2, sse3, ssse3, sse4.1, sse4.2, popcnt, avx, aes, clmul, ht, tsc, tscinvbit

Memory: 4k page, physical 4100344k(340352k free), swap 6603348k(2544k free)

vm_info: Java HotSpot(TM) 64-Bit Server VM (25.65-b01) for windows-amd64 JRE (1.8.0_65-b17), built on Oct  6 2015 16:39:20 by "java_re" with MS VC++ 10.0 (VS2010)

time: Wed Apr 20 20:44:18 2016
elapsed time: 1 seconds (0d 0h 0m 1s)

