#
# There is insufficient memory for the Java Runtime Environment to continue.
# Native memory allocation (malloc) failed to allocate 32744 bytes for ChunkPool::allocate
# Possible reasons:
#   The system is out of physical RAM or swap space
#   In 32 bit mode, the process size limit was hit
# Possible solutions:
#   Reduce memory load on the system
#   Increase physical memory or swap space
#   Check if swap backing store is full
#   Use 64 bit Java on a 64 bit OS
#   Decrease Java heap size (-Xmx/-Xms)
#   Decrease number of Java threads
#   Decrease Java thread stack sizes (-Xss)
#   Set larger code cache with -XX:ReservedCodeCacheSize=
# This output file may be truncated or incomplete.
#
#  Out of Memory Error (allocation.cpp:273), pid=3116, tid=9444
#
# JRE version: Java(TM) SE Runtime Environment (8.0_65-b17) (build 1.8.0_65-b17)
# Java VM: Java HotSpot(TM) 64-Bit Server VM (25.65-b01 mixed mode windows-amd64 compressed oops)
# Failed to write core dump. Minidumps are not enabled by default on client versions of Windows
#

---------------  T H R E A D  ---------------

Current thread (0x0000000016258800):  JavaThread "C1 CompilerThread2" daemon [_thread_in_native, id=9444, stack(0x0000000016650000,0x0000000016750000)]

Stack: [0x0000000016650000,0x0000000016750000]
[error occurred during error reporting (printing stack bounds), id 0xc0000005]

Native frames: (J=compiled Java code, j=interpreted, Vv=VM code, C=native code)


Current CompileTask:
C1:   1700  598   !   3       com.android.dx.cf.code.BytecodeArray::parseInstruction (2764 bytes)


---------------  P R O C E S S  ---------------

Java Threads: ( => current thread )
  0x0000000016558800 JavaThread "pool-1-thread-4" [_thread_in_Java, id=7760, stack(0x0000000016d50000,0x0000000016e50000)]
  0x0000000016557000 JavaThread "pool-1-thread-3" [_thread_in_Java, id=8060, stack(0x0000000016c50000,0x0000000016d50000)]
  0x0000000016554000 JavaThread "pool-1-thread-2" [_thread_in_vm, id=8016, stack(0x0000000016b50000,0x0000000016c50000)]
  0x0000000016548000 JavaThread "pool-2-thread-1" [_thread_blocked, id=2460, stack(0x0000000016a50000,0x0000000016b50000)]
  0x000000001651d000 JavaThread "pool-1-thread-1" [_thread_in_Java, id=3200, stack(0x0000000016950000,0x0000000016a50000)]
  0x000000001625c000 JavaThread "Service Thread" daemon [_thread_blocked, id=4352, stack(0x0000000016750000,0x0000000016850000)]
=>0x0000000016258800 JavaThread "C1 CompilerThread2" daemon [_thread_in_native, id=9444, stack(0x0000000016650000,0x0000000016750000)]
  0x0000000014a10000 JavaThread "C2 CompilerThread1" daemon [_thread_in_native, id=8324, stack(0x0000000016150000,0x0000000016250000)]
  0x0000000014a0a000 JavaThread "C2 CompilerThread0" daemon [_thread_in_native, id=4048, stack(0x0000000016050000,0x0000000016150000)]
  0x0000000014a08800 JavaThread "Attach Listener" daemon [_thread_blocked, id=1400, stack(0x0000000015f50000,0x0000000016050000)]
  0x0000000014a07000 JavaThread "Signal Dispatcher" daemon [_thread_blocked, id=1588, stack(0x0000000015e50000,0x0000000015f50000)]
  0x0000000002336000 JavaThread "Finalizer" daemon [_thread_blocked, id=7788, stack(0x0000000015c70000,0x0000000015d70000)]
  0x000000000232d000 JavaThread "Reference Handler" daemon [_thread_blocked, id=6296, stack(0x0000000015b70000,0x0000000015c70000)]
  0x000000000223d800 JavaThread "main" [_thread_in_Java, id=6548, stack(0x00000000020d0000,0x00000000021d0000)]

Other Threads:
  0x00000000149d8000 VMThread [stack: 0x0000000015a70000,0x0000000015b70000] [id=2276]
  0x000000001626f800 WatcherThread [stack: 0x0000000016850000,0x0000000016950000] [id=9324]

VM state:not at safepoint (normal execution)

VM Mutex/Monitor currently owned by a thread: None

Heap:
 PSYoungGen      total 18944K, used 14203K [0x00000000eab00000, 0x00000000ec000000, 0x0000000100000000)
  eden space 16384K, 86% used [0x00000000eab00000,0x00000000eb8dec30,0x00000000ebb00000)
  from space 2560K, 0% used [0x00000000ebd80000,0x00000000ebd80000,0x00000000ec000000)
  to   space 2560K, 0% used [0x00000000ebb00000,0x00000000ebb00000,0x00000000ebd80000)
 ParOldGen       total 44032K, used 0K [0x00000000c0000000, 0x00000000c2b00000, 0x00000000eab00000)
  object space 44032K, 0% used [0x00000000c0000000,0x00000000c0000000,0x00000000c2b00000)
 Metaspace       used 5592K, capacity 6576K, committed 6784K, reserved 1056768K
  class space    used 595K, capacity 616K, committed 640K, reserved 1048576K

Card table byte_map: [0x0000000011700000,0x0000000011910000] byte_map_base: 0x0000000011100000

Marking Bits: (ParMarkBitMap*) 0x0000000077dca5b0
 Begin Bits: [0x0000000011e70000, 0x0000000012e70000)
 End Bits:   [0x0000000012e70000, 0x0000000013e70000)

Polling page: 0x00000000005d0000

CodeCache: size=245760Kb used=2286Kb max_used=2297Kb free=243473Kb
 bounds [0x0000000002340000, 0x00000000025b0000, 0x0000000011340000]
 total_blobs=862 nmethods=593 adapters=182
 compilation: enabled

Compilation events (10 events):
Event: 1.689 Thread 0x0000000016258800 nmethod 608 0x000000000257cad0 code [0x000000000257cc60, 0x000000000257d0b8]
Event: 1.689 Thread 0x0000000016258800  598   !   3       com.android.dx.cf.code.BytecodeArray::parseInstruction (2764 bytes)
Event: 1.690 Thread 0x0000000014a0a000  610       4       com.android.dx.rop.type.Type::hashCode (8 bytes)
Event: 1.691 Thread 0x0000000014a10000  612       4       com.android.dx.ssa.NormalSsaInsn::isNormalMoveInsn (20 bytes)
Event: 1.691 Thread 0x0000000014a10000 nmethod 612 0x000000000257b350 code [0x000000000257b480, 0x000000000257b518]
Event: 1.692 Thread 0x0000000014a10000  615       4       java.util.HashMap::containsKey (18 bytes)
Event: 1.693 Thread 0x0000000014a0a000 nmethod 610 0x000000000257af90 code [0x000000000257b0c0, 0x000000000257b238]
Event: 1.693 Thread 0x0000000014a0a000  616       4       com.android.dx.ssa.NormalSsaInsn::getOpcode (8 bytes)
Event: 1.694 Thread 0x0000000014a0a000 nmethod 616 0x000000000257ad50 code [0x000000000257ae80, 0x000000000257aef8]
Event: 1.694 Thread 0x0000000014a0a000  619       4       java.util.HashSet::contains (9 bytes)

GC Heap History (0 events):
No events

Deoptimization events (1 events):
Event: 1.673 Thread 0x0000000016557000 Uncommon trap: reason=unstable_if action=reinterpret pc=0x000000000254d730 method=java.util.BitSet.nextSetBit(I)I @ 87

Internal exceptions (2 events):
Event: 0.152 Thread 0x000000000223d800 Exception <a 'java/lang/NoSuchMethodError': Method sun.misc.Unsafe.defineClass(Ljava/lang/String;[BII)Ljava/lang/Class; name or signature does not match> (0x00000000eab0d338) thrown at [C:\workspace\8-2-build-windows-amd64-cygwin\jdk8u65\4987\hotspot\src\s—Ã5' w√?
Event: 0.152 Thread 0x000000000223d800 Exception <a 'java/lang/NoSuchMethodError': Method sun.misc.Unsafe.prefetchRead(Ljava/lang/Object;J)V name or signature does not match> (0x00000000eab0d620) thrown at [C:\workspace\8-2-build-windows-amd64-cygwin\jdk8u65\4987\hotspot\src\share\vm\prims\jni.

Events (10 events):
Event: 1.633 loading class java/util/HashMap$Values done
Event: 1.633 loading class java/util/HashMap$ValueIterator
Event: 1.633 loading class java/util/HashMap$ValueIterator done
Event: 1.638 loading class com/android/dx/ssa/PhiInsn$Operand
Event: 1.638 loading class com/android/dx/ssa/PhiInsn$Operand done
Event: 1.646 loading class com/android/dx/ssa/back/FirstFitLocalCombiningAllocator$Multiset
Event: 1.646 loading class com/android/dx/ssa/back/FirstFitLocalCombiningAllocator$Multiset done
Event: 1.673 Thread 0x0000000016557000 Uncommon trap: trap_request=0xffffff65 fr.pc=0x000000000254d730
Event: 1.673 Thread 0x0000000016557000 DEOPT PACKING pc=0x000000000254d730 sp=0x0000000016d4e790
Event: 1.673 Thread 0x0000000016557000 DEOPT UNPACKING pc=0x000000000238582a sp=0x0000000016d4e728 mode 2


Dynamic libraries:
0x00007ff667f70000 - 0x00007ff667fa7000 	C:\Program Files\Java\jdk1.8.0_51\bin\java.exe
0x00007ffb54df0000 - 0x00007ffb54fb1000 	C:\WINDOWS\SYSTEM32\ntdll.dll
0x00007ffb54360000 - 0x00007ffb5440d000 	C:\WINDOWS\system32\KERNEL32.DLL
0x00007ffb51f40000 - 0x00007ffb52128000 	C:\WINDOWS\system32\KERNELBASE.dll
0x00007ffb54970000 - 0x00007ffb54a17000 	C:\WINDOWS\system32\ADVAPI32.dll
0x00007ffb54c00000 - 0x00007ffb54c9d000 	C:\WINDOWS\system32\msvcrt.dll
0x00007ffb54300000 - 0x00007ffb5435b000 	C:\WINDOWS\system32\sechost.dll
0x00007ffb52680000 - 0x00007ffb5279c000 	C:\WINDOWS\system32\RPCRT4.dll
0x00007ffb53e60000 - 0x00007ffb53fb6000 	C:\WINDOWS\system32\USER32.dll
0x00007ffb53fc0000 - 0x00007ffb54146000 	C:\WINDOWS\system32\GDI32.dll
0x00007ffb424b0000 - 0x00007ffb42724000 	C:\WINDOWS\WinSxS\amd64_microsoft.windows.common-controls_6595b64144ccf1df_6.0.10586.0_none_8c15ae12515e1c22\COMCTL32.dll
0x00007ffb54530000 - 0x00007ffb547ad000 	C:\WINDOWS\system32\combase.dll
0x00007ffb51590000 - 0x00007ffb515fa000 	C:\WINDOWS\system32\bcryptPrimitives.dll
0x00007ffb54a40000 - 0x00007ffb54a7b000 	C:\WINDOWS\system32\IMM32.DLL
0x0000000077160000 - 0x0000000077232000 	C:\Program Files\Java\jdk1.8.0_51\jre\bin\msvcr100.dll
0x00000000775c0000 - 0x0000000077e49000 	C:\Program Files\Java\jdk1.8.0_51\jre\bin\server\jvm.dll
0x00007ffb54ae0000 - 0x00007ffb54ae8000 	C:\WINDOWS\system32\PSAPI.DLL
0x00007ffb47490000 - 0x00007ffb47499000 	C:\WINDOWS\SYSTEM32\WSOCK32.dll
0x00007ffb4f750000 - 0x00007ffb4f773000 	C:\WINDOWS\SYSTEM32\WINMM.dll
0x00007ffb544c0000 - 0x00007ffb5452b000 	C:\WINDOWS\system32\WS2_32.dll
0x0000000000910000 - 0x000000000093c000 	C:\WINDOWS\SYSTEM32\WINMMBASE.dll
0x00007ffb51600000 - 0x00007ffb51643000 	C:\WINDOWS\system32\cfgmgr32.dll
0x00007ffb4cb00000 - 0x00007ffb4cb0a000 	C:\WINDOWS\SYSTEM32\VERSION.dll
0x0000000050010000 - 0x000000005001f000 	C:\Program Files\Java\jdk1.8.0_51\jre\bin\verify.dll
0x0000000077590000 - 0x00000000775b9000 	C:\Program Files\Java\jdk1.8.0_51\jre\bin\java.dll
0x0000000077570000 - 0x0000000077586000 	C:\Program Files\Java\jdk1.8.0_51\jre\bin\zip.dll
0x00007ffb527a0000 - 0x00007ffb53cfc000 	C:\WINDOWS\system32\SHELL32.dll
0x00007ffb518d0000 - 0x00007ffb51f15000 	C:\WINDOWS\system32\windows.storage.dll
0x00007ffb521f0000 - 0x00007ffb52242000 	C:\WINDOWS\system32\shlwapi.dll
0x00007ffb51410000 - 0x00007ffb5141f000 	C:\WINDOWS\system32\kernel.appcore.dll
0x00007ffb52130000 - 0x00007ffb521e5000 	C:\WINDOWS\system32\shcore.dll
0x00007ffb51430000 - 0x00007ffb5147b000 	C:\WINDOWS\system32\powrprof.dll
0x00007ffb51480000 - 0x00007ffb51494000 	C:\WINDOWS\system32\profapi.dll

VM Arguments:
jvm_args: -Djava.awt.headless=true -Xmx1024M -Dfile.encoding=windows-1252 -Duser.country=GB -Duser.language=en -Duser.variant 
java_command: com.android.dx.command.Main --dex --num-threads=4 --output F:\android\projects\CrimeIntents\app\build\intermediates\pre-dexed\debug\com.android.support-recyclerview-v7-23.2.0_2cd9a8c855631ab5e04d1b1c40223469fa896360.jar F:\android\projects\CrimeIntents\app\build\intermediates\exploded-aar\com.android.support\recyclerview-v7\23.2.0\jars\classes.jar
java_class_path (initial): F:\android\android-sdk\build-tools\23.0.2\lib\dx.jar
Launcher Type: SUN_STANDARD

Environment Variables:
JAVA_HOME=C:\Program Files\Java\jdk1.8.0_51
PATH=C:\ProgramData\Oracle\Java\javapath;C:\WINDOWS\system32;C:\WINDOWS;C:\WINDOWS\System32\Wbem;C:\WINDOWS\System32\WindowsPowerShell\v1.0\;C:\Program Files (x86)\Intel\OpenCL SDK\2.0\bin\x86;C:\Program Files (x86)\Intel\OpenCL SDK\2.0\bin\x64;C:\Program Files (x86)\ATI Technologies\ATI.ACE\Core-Static
USERNAME=Mohamed Mabrouk
OS=Windows_NT
PROCESSOR_IDENTIFIER=Intel64 Family 6 Model 42 Stepping 7, GenuineIntel



---------------  S Y S T E M  ---------------

OS: Windows 10.0 , 64 bit Build 10586 (10.0.10586.0)

CPU:total 4 (2 cores per cpu, 2 threads per core) family 6 model 42 stepping 7, cmov, cx8, fxsr, mmx, sse, sse2, sse3, ssse3, sse4.1, sse4.2, popcnt, avx, aes, clmul, ht, tsc, tscinvbit

Memory: 4k page, physical 4100344k(340380k free), swap 6603348k(2544k free)

vm_info: Java HotSpot(TM) 64-Bit Server VM (25.65-b01) for windows-amd64 JRE (1.8.0_65-b17), built on Oct  6 2015 16:39:20 by "java_re" with MS VC++ 10.0 (VS2010)

time: Wed Apr 20 20:44:18 2016
elapsed time: 1 seconds (0d 0h 0m 1s)

