#
# There is insufficient memory for the Java Runtime Environment to continue.
# Native memory allocation (malloc) failed to allocate 32744 bytes for ChunkPool::allocate
# Possible reasons:
#   The system is out of physical RAM or swap space
#   In 32 bit mode, the process size limit was hit
# Possible solutions:
#   Reduce memory load on the system
#   Increase physical memory or swap space
#   Check if swap backing store is full
#   Use 64 bit Java on a 64 bit OS
#   Decrease Java heap size (-Xmx/-Xms)
#   Decrease number of Java threads
#   Decrease Java thread stack sizes (-Xss)
#   Set larger code cache with -XX:ReservedCodeCacheSize=
# This output file may be truncated or incomplete.
#
#  Out of Memory Error (allocation.cpp:273), pid=1836, tid=7220
#
# JRE version: Java(TM) SE Runtime Environment (8.0_65-b17) (build 1.8.0_65-b17)
# Java VM: Java HotSpot(TM) 64-Bit Server VM (25.65-b01 mixed mode windows-amd64 compressed oops)
# Failed to write core dump. Minidumps are not enabled by default on client versions of Windows
#

---------------  T H R E A D  ---------------

Current thread (0x0000000014b1c800):  JavaThread "C1 CompilerThread2" daemon [_thread_in_native, id=7220, stack(0x00000000162f0000,0x00000000163f0000)]

Stack: [0x00000000162f0000,0x00000000163f0000]
[error occurred during error reporting (printing stack bounds), id 0xc0000005]

Native frames: (J=compiled Java code, j=interpreted, Vv=VM code, C=native code)


Current CompileTask:
C1:   1665  324   !   3       com.android.dx.cf.code.BytecodeArray::parseInstruction (2764 bytes)


---------------  P R O C E S S  ---------------

Java Threads: ( => current thread )
  0x0000000016644800 JavaThread "pool-1-thread-4" [_thread_new, id=3560, stack(0x0000000000000000,0x0000000000000000)]
  0x0000000016644000 JavaThread "pool-1-thread-3" [_thread_blocked, id=1984, stack(0x0000000016cf0000,0x0000000016df0000)]
  0x000000001652d000 JavaThread "pool-1-thread-2" [_thread_blocked, id=7880, stack(0x0000000016bf0000,0x0000000016cf0000)]
  0x000000001652c000 JavaThread "pool-2-thread-1" [_thread_blocked, id=8140, stack(0x0000000016af0000,0x0000000016bf0000)]
  0x0000000016524800 JavaThread "pool-1-thread-1" [_thread_blocked, id=9880, stack(0x00000000169f0000,0x0000000016af0000)]
  0x00000000163f2800 JavaThread "Service Thread" daemon [_thread_blocked, id=7668, stack(0x00000000167f0000,0x00000000168f0000)]
=>0x0000000014b1c800 JavaThread "C1 CompilerThread2" daemon [_thread_in_native, id=7220, stack(0x00000000162f0000,0x00000000163f0000)]
  0x0000000014abd000 JavaThread "C2 CompilerThread1" daemon [_thread_blocked, id=2032, stack(0x00000000161f0000,0x00000000162f0000)]
  0x0000000014ab9800 JavaThread "C2 CompilerThread0" daemon [_thread_blocked, id=1696, stack(0x00000000160f0000,0x00000000161f0000)]
  0x0000000014ab8800 JavaThread "Attach Listener" daemon [_thread_blocked, id=2436, stack(0x0000000015ff0000,0x00000000160f0000)]
  0x0000000014ab7000 JavaThread "Signal Dispatcher" daemon [_thread_blocked, id=620, stack(0x0000000015ef0000,0x0000000015ff0000)]
  0x0000000014a89000 JavaThread "Finalizer" daemon [_thread_blocked, id=5840, stack(0x0000000015d10000,0x0000000015e10000)]
  0x00000000023e0800 JavaThread "Reference Handler" daemon [_thread_blocked, id=4080, stack(0x0000000015c10000,0x0000000015d10000)]
  0x00000000021ed800 JavaThread "main" [_thread_in_vm, id=7776, stack(0x00000000021f0000,0x00000000022f0000)]

Other Threads:
  0x0000000014a88000 VMThread [stack: 0x0000000015b10000,0x0000000015c10000] [id=8376]
  0x00000000163fa000 WatcherThread [stack: 0x00000000168f0000,0x00000000169f0000] [id=9256]

VM state:not at safepoint (normal execution)

VM Mutex/Monitor currently owned by a thread: None

Heap:
 PSYoungGen      total 18944K, used 7653K [0x00000000eab00000, 0x00000000ec000000, 0x0000000100000000)
  eden space 16384K, 46% used [0x00000000eab00000,0x00000000eb2796b8,0x00000000ebb00000)
  from space 2560K, 0% used [0x00000000ebd80000,0x00000000ebd80000,0x00000000ec000000)
  to   space 2560K, 0% used [0x00000000ebb00000,0x00000000ebb00000,0x00000000ebd80000)
 ParOldGen       total 44032K, used 0K [0x00000000c0000000, 0x00000000c2b00000, 0x00000000eab00000)
  object space 44032K, 0% used [0x00000000c0000000,0x00000000c0000000,0x00000000c2b00000)
 Metaspace       used 4600K, capacity 5744K, committed 6016K, reserved 1056768K
  class space    used 505K, capacity 552K, committed 640K, reserved 1048576K

Card table byte_map: [0x00000000117b0000,0x00000000119c0000] byte_map_base: 0x00000000111b0000

Marking Bits: (ParMarkBitMap*) 0x0000000077dca5b0
 Begin Bits: [0x0000000011f20000, 0x0000000012f20000)
 End Bits:   [0x0000000012f20000, 0x0000000013f20000)

Polling page: 0x0000000000410000

CodeCache: size=245760Kb used=1823Kb max_used=1834Kb free=243936Kb
 bounds [0x00000000023f0000, 0x0000000002660000, 0x00000000113f0000]
 total_blobs=591 nmethods=326 adapters=178
 compilation: enabled

Compilation events (10 events):
Event: 1.531 Thread 0x0000000014b1c800 nmethod 323 0x00000000025b7410 code [0x00000000025b7580, 0x00000000025b7788]
Event: 1.531 Thread 0x0000000014b1c800  324   !   3       com.android.dx.cf.code.BytecodeArray::parseInstruction (2764 bytes)
Event: 1.533 Thread 0x0000000014abd000  329       4       java.util.Arrays::copyOfRange (63 bytes)
Event: 1.533 Thread 0x0000000014ab9800  331   !   4       com.android.dx.util.FixedSizeList::get0 (47 bytes)
Event: 1.534 Thread 0x0000000014ab9800 nmethod 331 0x00000000025ba510 code [0x00000000025ba640, 0x00000000025ba6f8]
Event: 1.535 Thread 0x0000000014ab9800  332       4       java.util.ArrayList::get (11 bytes)
Event: 1.536 Thread 0x0000000014abd000 nmethod 329 0x00000000025b8b50 code [0x00000000025b8ca0, 0x00000000025b8eb8]
Event: 1.536 Thread 0x0000000014ab9800 nmethod 332 0x00000000025b8850 code [0x00000000025b8980, 0x00000000025b8a38]
Event: 1.537 Thread 0x0000000014abd000  338       4       com.android.dx.cf.code.LineNumberList::get (9 bytes)
Event: 1.538 Thread 0x0000000014abd000 nmethod 338 0x00000000025b84d0 code [0x00000000025b8620, 0x00000000025b86f8]

GC Heap History (0 events):
No events

Deoptimization events (0 events):
No events

Internal exceptions (2 events):
Event: 0.152 Thread 0x00000000021ed800 Exception <a 'java/lang/NoSuchMethodError': Method sun.misc.Unsafe.defineClass(Ljava/lang/String;[BII)Ljava/lang/Class; name or signature does not match> (0x00000000eab0cfd8) thrown at [C:\workspace\8-2-build-windows-amd64-cygwin\jdk8u65\4987\hotspot\src\sŠ“Ú‡Ã?
Event: 0.153 Thread 0x00000000021ed800 Exception <a 'java/lang/NoSuchMethodError': Method sun.misc.Unsafe.prefetchRead(Ljava/lang/Object;J)V name or signature does not match> (0x00000000eab0d2c0) thrown at [C:\workspace\8-2-build-windows-amd64-cygwin\jdk8u65\4987\hotspot\src\share\vm\prims\jni.

Events (10 events):
Event: 1.497 loading class com/android/dx/rop/code/Exceptions
Event: 1.497 loading class com/android/dx/rop/code/Exceptions done
Event: 1.512 loading class com/android/dx/rop/code/RegisterSpecList
Event: 1.512 loading class com/android/dx/rop/code/RegisterSpecList done
Event: 1.513 loading class com/android/dx/rop/code/BasicBlock
Event: 1.513 loading class com/android/dx/rop/code/BasicBlock done
Event: 1.515 loading class com/android/dx/cf/code/Merger
Event: 1.515 loading class com/android/dx/cf/code/Merger done
Event: 1.541 loading class com/android/dx/rop/code/BasicBlockList
Event: 1.541 loading class com/android/dx/rop/code/BasicBlockList done


Dynamic libraries:
0x00007ff667f70000 - 0x00007ff667fa7000 	C:\Program Files\Java\jdk1.8.0_51\bin\java.exe
0x00007ffb54df0000 - 0x00007ffb54fb1000 	C:\WINDOWS\SYSTEM32\ntdll.dll
0x00007ffb54360000 - 0x00007ffb5440d000 	C:\WINDOWS\system32\KERNEL32.DLL
0x00007ffb51f40000 - 0x00007ffb52128000 	C:\WINDOWS\system32\KERNELBASE.dll
0x00007ffb54970000 - 0x00007ffb54a17000 	C:\WINDOWS\system32\ADVAPI32.dll
0x00007ffb54c00000 - 0x00007ffb54c9d000 	C:\WINDOWS\system32\msvcrt.dll
0x00007ffb54300000 - 0x00007ffb5435b000 	C:\WINDOWS\system32\sechost.dll
0x00007ffb52680000 - 0x00007ffb5279c000 	C:\WINDOWS\system32\RPCRT4.dll
0x00007ffb53e60000 - 0x00007ffb53fb6000 	C:\WINDOWS\system32\USER32.dll
0x00007ffb53fc0000 - 0x00007ffb54146000 	C:\WINDOWS\system32\GDI32.dll
0x00007ffb424b0000 - 0x00007ffb42724000 	C:\WINDOWS\WinSxS\amd64_microsoft.windows.common-controls_6595b64144ccf1df_6.0.10586.0_none_8c15ae12515e1c22\COMCTL32.dll
0x00007ffb54530000 - 0x00007ffb547ad000 	C:\WINDOWS\system32\combase.dll
0x00007ffb51590000 - 0x00007ffb515fa000 	C:\WINDOWS\system32\bcryptPrimitives.dll
0x00007ffb54a40000 - 0x00007ffb54a7b000 	C:\WINDOWS\system32\IMM32.DLL
0x0000000077160000 - 0x0000000077232000 	C:\Program Files\Java\jdk1.8.0_51\jre\bin\msvcr100.dll
0x00000000775c0000 - 0x0000000077e49000 	C:\Program Files\Java\jdk1.8.0_51\jre\bin\server\jvm.dll
0x00007ffb54ae0000 - 0x00007ffb54ae8000 	C:\WINDOWS\system32\PSAPI.DLL
0x00007ffb47490000 - 0x00007ffb47499000 	C:\WINDOWS\SYSTEM32\WSOCK32.dll
0x00007ffb544c0000 - 0x00007ffb5452b000 	C:\WINDOWS\system32\WS2_32.dll
0x00007ffb4cb00000 - 0x00007ffb4cb0a000 	C:\WINDOWS\SYSTEM32\VERSION.dll
0x00007ffb4f750000 - 0x00007ffb4f773000 	C:\WINDOWS\SYSTEM32\WINMM.dll
0x00007ffb4f720000 - 0x00007ffb4f74c000 	C:\WINDOWS\SYSTEM32\WINMMBASE.dll
0x00007ffb51600000 - 0x00007ffb51643000 	C:\WINDOWS\system32\cfgmgr32.dll
0x0000000050010000 - 0x000000005001f000 	C:\Program Files\Java\jdk1.8.0_51\jre\bin\verify.dll
0x0000000077590000 - 0x00000000775b9000 	C:\Program Files\Java\jdk1.8.0_51\jre\bin\java.dll
0x0000000077570000 - 0x0000000077586000 	C:\Program Files\Java\jdk1.8.0_51\jre\bin\zip.dll
0x00007ffb527a0000 - 0x00007ffb53cfc000 	C:\WINDOWS\system32\SHELL32.dll
0x00007ffb518d0000 - 0x00007ffb51f15000 	C:\WINDOWS\system32\windows.storage.dll
0x00007ffb521f0000 - 0x00007ffb52242000 	C:\WINDOWS\system32\shlwapi.dll
0x00007ffb51410000 - 0x00007ffb5141f000 	C:\WINDOWS\system32\kernel.appcore.dll
0x00007ffb52130000 - 0x00007ffb521e5000 	C:\WINDOWS\system32\shcore.dll
0x00007ffb51430000 - 0x00007ffb5147b000 	C:\WINDOWS\system32\powrprof.dll
0x00007ffb51480000 - 0x00007ffb51494000 	C:\WINDOWS\system32\profapi.dll

VM Arguments:
jvm_args: -Djava.awt.headless=true -Xmx1024M -Dfile.encoding=windows-1252 -Duser.country=GB -Duser.language=en -Duser.variant 
java_command: com.android.dx.command.Main --dex --num-threads=4 --output F:\android\projects\CrimeIntents\app\build\intermediates\pre-dexed\debug\com.android.support-support-vector-drawable-23.2.0_4df23c69e6a7e18f2e0360f2a3be47f6bc84eb45.jar F:\android\projects\CrimeIntents\app\build\intermediates\exploded-aar\com.android.support\support-vector-drawable\23.2.0\jars\classes.jar
java_class_path (initial): F:\android\android-sdk\build-tools\23.0.2\lib\dx.jar
Launcher Type: SUN_STANDARD

Environment Variables:
JAVA_HOME=C:\Program Files\Java\jdk1.8.0_51
PATH=C:\ProgramData\Oracle\Java\javapath;C:\WINDOWS\system32;C:\WINDOWS;C:\WINDOWS\System32\Wbem;C:\WINDOWS\System32\WindowsPowerShell\v1.0\;C:\Program Files (x86)\Intel\OpenCL SDK\2.0\bin\x86;C:\Program Files (x86)\Intel\OpenCL SDK\2.0\bin\x64;C:\Program Files (x86)\ATI Technologies\ATI.ACE\Core-Static
USERNAME=Mohamed Mabrouk
OS=Windows_NT
PROCESSOR_IDENTIFIER=Intel64 Family 6 Model 42 Stepping 7, GenuineIntel



---------------  S Y S T E M  ---------------

OS: Windows 10.0 , 64 bit Build 10586 (10.0.10586.0)

CPU:total 4 (2 cores per cpu, 2 threads per core) family 6 model 42 stepping 7, cmov, cx8, fxsr, mmx, sse, sse2, sse3, ssse3, sse4.1, sse4.2, popcnt, avx, aes, clmul, ht, tsc, tscinvbit

Memory: 4k page, physical 4100344k(339660k free), swap 6603348k(2544k free)

vm_info: Java HotSpot(TM) 64-Bit Server VM (25.65-b01) for windows-amd64 JRE (1.8.0_65-b17), built on Oct  6 2015 16:39:20 by "java_re" with MS VC++ 10.0 (VS2010)

time: Wed Apr 20 20:44:18 2016
elapsed time: 1 seconds (0d 0h 0m 1s)

